<?xml version="1.0" encoding="UTF-8"?>
<!-- Generated by org.testng.reporters.JUnitReportReporter -->
<testsuite skipped="0" hostname="ICPL13804" name="FindJavaScriptErrorsLogging" tests="1" failures="0" timestamp="19 Aug 2019 12:00:42 GMT" time="6.336" errors="0">
  <testcase name="testMethod" time="6.336" classname="FindJavaScriptErrorsLogging"/>
</testsuite> <!-- FindJavaScriptErrorsLogging -->
